[0mGET /activity_xiaomi [32m200 [0m582.708 ms - 4229[0m
[0mGET /webroot/libs/artDialog/css/ui-dialog.css [32m200 [0m7.333 ms - 10349[0m
[0mGET /webroot/libs/jquery/jquery.min.js [32m200 [0m9.384 ms - 92557[0m
[0mGET /webroot/build/css/activity_xiaomi-39da6d6cff.css [32m200 [0m8.332 ms - 6678[0m
[0mGET /webroot/libs/artDialog/dist/dialog-min.js [32m200 [0m7.889 ms - 10008[0m
[0mGET /webroot/build/js/commons.fce3ad65.js [32m200 [0m0.754 ms - 3400[0m
[0mGET /webroot/build/js/activity_xiaomi.83810ffb.js [32m200 [0m0.527 ms - 56[0m
[0mGET /webroot/images/activity_xiaomi/activity_xiaomi_logo.png [32m200 [0m2.798 ms - 15018[0m
[0mGET /webroot/images/activity_xiaomi/activity_xiaomi_erweima.png [32m200 [0m4.199 ms - 10189[0m
[0mGET /webroot/build/js/0.chunk.50a68d63.js [32m200 [0m3.828 ms - 1111[0m
[0mGET /webroot/images/activity_xiaomi/activity_xiaomi.png [32m200 [0m3.632 ms - 15918[0m
[0mGET /webroot/images/activity_xiaomi/activity_xiaomi_red.png [32m200 [0m1.878 ms - 26312[0m
[0mGET /webroot/images/activity_xiaomi/activity_xiaomi_banner.png [32m200 [0m4.373 ms - 439056[0m
[0mGET /favicon.ico [32m200 [0m7.761 ms - 4286[0m
[0mGET /activity_xiaomi [32m200 [0m796.519 ms - 4128[0m
[0mGET /libs/artDialog/css/ui-dialog.css [32m200 [0m14.396 ms - 10349[0m
[0mGET /build/css/activity_xiaomi.css [32m200 [0m5.512 ms - 8024[0m
[0mGET /libs/artDialog/dist/dialog-min.js [32m200 [0m5.666 ms - 10008[0m
[0mGET /libs/jquery/jquery.min.js [32m200 [0m6.067 ms - 92557[0m
[0mGET /build/js/commons.js [32m200 [0m3.795 ms - 10249[0m
[0mGET /build/js/activity_xiaomi.js [32m200 [0m0.540 ms - 149[0m
[0mGET /images/activity_xiaomi/activity_xiaomi_logo.png [32m200 [0m0.679 ms - 15018[0m
[0mGET /images/activity_xiaomi/activity_xiaomi_banner.png [32m200 [0m0.644 ms - 439056[0m
[0mGET /images/activity_xiaomi/activity_xiaomi_erweima.png [32m200 [0m0.420 ms - 10189[0m
[0mGET /images/activity_xiaomi/activity_xiaomi.css [32m200 [0m1.689 ms - 1328[0m
[0mGET /build/js/0.chunk.js [32m200 [0m3.329 ms - 2044[0m
[0mGET /images/activity_xiaomi/activity_xiaomi.png [32m200 [0m2.401 ms - 15918[0m
[0mGET /images/activity_xiaomi/activity_xiaomi_red.png [32m200 [0m2.398 ms - 26312[0m
[0mGET /build/js/activity_xiaomi.js.map [32m200 [0m1.730 ms - 291[0m
[0mGET /build/js/commons.js.map [32m200 [0m2.410 ms - 15076[0m
[0mGET /build/js/0.chunk.js.map [32m200 [0m0.342 ms - 2443[0m
[0mGET /activity_xiaomi [32m200 [0m569.136 ms - 4128[0m
[0mGET /libs/artDialog/css/ui-dialog.css [32m200 [0m8.128 ms - 10349[0m
[0mGET /libs/artDialog/dist/dialog-min.js [32m200 [0m9.940 ms - 10008[0m
[0mGET /build/css/activity_xiaomi.css [32m200 [0m10.177 ms - 8024[0m
[0mGET /libs/jquery/jquery.min.js [32m200 [0m8.712 ms - 92557[0m
[0mGET /build/js/commons.js [32m200 [0m0.520 ms - 10249[0m
[0mGET /build/js/activity_xiaomi.js [32m200 [0m0.511 ms - 149[0m
[0mGET /images/activity_xiaomi/activity_xiaomi_logo.png [32m200 [0m0.446 ms - 15018[0m
[0mGET /images/activity_xiaomi/activity_xiaomi_banner.png [32m200 [0m0.518 ms - 439056[0m
[0mGET /images/activity_xiaomi/activity_xiaomi_erweima.png [32m200 [0m0.506 ms - 10189[0m
[0mGET /images/activity_xiaomi/activity_xiaomi.css [32m200 [0m1.666 ms - 1328[0m
[0mGET /build/js/0.chunk.js [32m200 [0m3.676 ms - 2044[0m
[0mGET /images/activity_xiaomi/activity_xiaomi.png [32m200 [0m2.807 ms - 15918[0m
[0mGET /images/activity_xiaomi/activity_xiaomi_red.png [32m200 [0m1.748 ms - 26312[0m
[0mGET /build/js/commons.js.map [32m200 [0m1.046 ms - 15076[0m
[0mGET /build/js/activity_xiaomi.js.map [32m200 [0m0.970 ms - 291[0m
[0mGET /build/js/0.chunk.js.map [32m200 [0m0.428 ms - 2443[0m
[0mGET /activity_xiaomi [32m200 [0m88.002 ms - 4128[0m
[0mGET /libs/artDialog/css/ui-dialog.css [32m200 [0m3.845 ms - 10349[0m
[0mGET /libs/artDialog/dist/dialog-min.js [32m200 [0m3.408 ms - 10008[0m
[0mGET /build/css/activity_xiaomi.css [32m200 [0m4.053 ms - 8024[0m
[0mGET /libs/jquery/jquery.min.js [32m200 [0m5.836 ms - 92557[0m
[0mGET /build/js/commons.js [32m200 [0m0.975 ms - 10249[0m
[0mGET /build/js/activity_xiaomi.js [32m200 [0m0.762 ms - 149[0m
[0mGET /images/activity_xiaomi/activity_xiaomi_logo.png [32m200 [0m0.473 ms - 15018[0m
[0mGET /images/activity_xiaomi/activity_xiaomi_banner.png [32m200 [0m0.616 ms - 439056[0m
[0mGET /images/activity_xiaomi/activity_xiaomi_erweima.png [32m200 [0m1.760 ms - 10189[0m
[0mGET /images/activity_xiaomi/activity_xiaomi.css [32m200 [0m1.418 ms - 1328[0m
[0mGET /build/js/0.chunk.js [32m200 [0m1.345 ms - 2044[0m
[0mGET /images/activity_xiaomi/activity_xiaomi.png [32m200 [0m2.967 ms - 15918[0m
[0mGET /images/activity_xiaomi/activity_xiaomi_red.png [32m200 [0m2.244 ms - 26312[0m
[0mGET /build/js/activity_xiaomi.js.map [32m200 [0m1.086 ms - 291[0m
[0mGET /build/js/commons.js.map [32m200 [0m1.453 ms - 15076[0m
[0mGET /build/js/0.chunk.js.map [32m200 [0m0.434 ms - 2443[0m
[0mGET /activity_xiaomi [32m200 [0m66.629 ms - 4128[0m
[0mGET /libs/artDialog/css/ui-dialog.css [32m200 [0m7.056 ms - 10349[0m
[0mGET /libs/artDialog/dist/dialog-min.js [32m200 [0m3.870 ms - 10008[0m
[0mGET /build/css/activity_xiaomi.css [32m200 [0m2.849 ms - 8024[0m
[0mGET /libs/jquery/jquery.min.js [32m200 [0m7.032 ms - 92557[0m
[0mGET /build/js/commons.js [32m200 [0m0.654 ms - 10249[0m
[0mGET /build/js/activity_xiaomi.js [32m200 [0m0.685 ms - 149[0m
[0mGET /images/activity_xiaomi/activity_xiaomi_logo.png [32m200 [0m0.797 ms - 15018[0m
[0mGET /images/activity_xiaomi/activity_xiaomi_banner.png [32m200 [0m1.467 ms - 439056[0m
[0mGET /images/activity_xiaomi/activity_xiaomi_erweima.png [32m200 [0m0.588 ms - 10189[0m
[0mGET /images/activity_xiaomi/activity_xiaomi.css [32m200 [0m2.356 ms - 1328[0m
[0mGET /build/js/0.chunk.js [32m200 [0m0.638 ms - 2044[0m
[0mGET /images/activity_xiaomi/activity_xiaomi.png [32m200 [0m0.690 ms - 15918[0m
[0mGET /images/activity_xiaomi/activity_xiaomi_red.png [32m200 [0m1.669 ms - 26312[0m
[0mGET /build/js/commons.js.map [32m200 [0m4.296 ms - 15076[0m
[0mGET /build/js/activity_xiaomi.js.map [32m200 [0m0.926 ms - 291[0m
[0mGET /build/js/0.chunk.js.map [32m200 [0m0.398 ms - 2443[0m
[0mGET /activity_xiaomi [32m200 [0m71.861 ms - 4128[0m
[0mGET /libs/artDialog/css/ui-dialog.css [32m200 [0m2.688 ms - 10349[0m
[0mGET /libs/artDialog/dist/dialog-min.js [32m200 [0m2.831 ms - 10008[0m
[0mGET /build/css/activity_xiaomi.css [32m200 [0m2.895 ms - 8024[0m
[0mGET /libs/jquery/jquery.min.js [32m200 [0m2.840 ms - 92557[0m
[0mGET /build/js/commons.js [32m200 [0m1.357 ms - 10249[0m
[0mGET /build/js/activity_xiaomi.js [32m200 [0m3.295 ms - 149[0m
[0mGET /images/activity_xiaomi/activity_xiaomi_logo.png [32m200 [0m0.468 ms - 15018[0m
[0mGET /images/activity_xiaomi/activity_xiaomi_banner.png [32m200 [0m0.490 ms - 439056[0m
[0mGET /images/activity_xiaomi/activity_xiaomi_erweima.png [32m200 [0m0.492 ms - 10189[0m
[0mGET /images/activity_xiaomi/activity_xiaomi.css [32m200 [0m1.360 ms - 1328[0m
[0mGET /build/js/0.chunk.js [32m200 [0m0.793 ms - 2044[0m
[0mGET /images/activity_xiaomi/activity_xiaomi.png [32m200 [0m2.170 ms - 15918[0m
[0mGET /images/activity_xiaomi/activity_xiaomi_red.png [32m200 [0m0.967 ms - 26312[0m
[0mGET /build/js/activity_xiaomi.js.map [32m200 [0m4.057 ms - 291[0m
[0mGET /build/js/commons.js.map [32m200 [0m5.380 ms - 15076[0m
[0mGET /build/js/0.chunk.js.map [32m200 [0m3.695 ms - 2443[0m
